2022-10-23 19:23:51.988  INFO 1848 --- [restartedMain] com.employee.EmployeeProjcetApplication  : Starting EmployeeProjcetApplication using Java 1.8.0_333 on DESKTOP-BDPVGGS with PID 1848 (E:\Spring Boot\EmployeeProject\Employee_Projcet_H3\target\classes started by vishal kamble in E:\Spring Boot\EmployeeProject\Employee_Projcet_H3)
2022-10-23 19:23:51.989  INFO 1848 --- [restartedMain] com.employee.EmployeeProjcetApplication  : No active profile set, falling back to 1 default profile: "default"
2022-10-23 19:23:53.107  INFO 1848 --- [restartedMain] .s.d.r.c.RepositoryConfigurationDelegate : Bootstrapping Spring Data JPA repositories in DEFAULT mode.
2022-10-23 19:23:53.145  INFO 1848 --- [restartedMain] .s.d.r.c.RepositoryConfigurationDelegate : Finished Spring Data repository scanning in 36 ms. Found 1 JPA repository interfaces.
2022-10-23 19:23:53.529  INFO 1848 --- [restartedMain] o.s.b.w.embedded.tomcat.TomcatWebServer  : Tomcat initialized with port(s): 8080 (http)
2022-10-23 19:23:53.531  INFO 1848 --- [restartedMain] o.apache.catalina.core.StandardService   : Starting service [Tomcat]
2022-10-23 19:23:53.532  INFO 1848 --- [restartedMain] org.apache.catalina.core.StandardEngine  : Starting Servlet engine: [Apache Tomcat/9.0.65]
2022-10-23 19:23:53.600  INFO 1848 --- [restartedMain] o.a.c.c.C.[Tomcat].[localhost].[/]       : Initializing Spring embedded WebApplicationContext
2022-10-23 19:23:53.601  INFO 1848 --- [restartedMain] w.s.c.ServletWebServerApplicationContext : Root WebApplicationContext: initialization completed in 1598 ms
2022-10-23 19:23:53.647  INFO 1848 --- [restartedMain] com.zaxxer.hikari.HikariDataSource       : employee - Starting...
2022-10-23 19:23:53.656  INFO 1848 --- [restartedMain] com.zaxxer.hikari.HikariDataSource       : employee - Start completed.
2022-10-23 19:23:53.658  INFO 1848 --- [restartedMain] o.s.b.a.h2.H2ConsoleAutoConfiguration    : H2 console available at '/h2-console'. Database available at 'jdbc:h2:mem:employee'
2022-10-23 19:23:53.754  INFO 1848 --- [restartedMain] o.hibernate.jpa.internal.util.LogHelper  : HHH000204: Processing PersistenceUnitInfo [name: default]
2022-10-23 19:23:53.770  INFO 1848 --- [restartedMain] org.hibernate.dialect.Dialect            : HHH000400: Using dialect: org.hibernate.dialect.H2Dialect
2022-10-23 19:23:53.883  INFO 1848 --- [restartedMain] o.h.e.t.j.p.i.JtaPlatformInitiator       : HHH000490: Using JtaPlatform implementation: [org.hibernate.engine.transaction.jta.platform.internal.NoJtaPlatform]
2022-10-23 19:23:53.884  INFO 1848 --- [restartedMain] j.LocalContainerEntityManagerFactoryBean : Initialized JPA EntityManagerFactory for persistence unit 'default'
2022-10-23 19:23:54.144  WARN 1848 --- [restartedMain] JpaBaseConfiguration$JpaWebConfiguration : spring.jpa.open-in-view is enabled by default. Therefore, database queries may be performed during view rendering. Explicitly configure spring.jpa.open-in-view to disable this warning
2022-10-23 19:23:54.445  INFO 1848 --- [restartedMain] o.s.b.d.a.OptionalLiveReloadServer       : LiveReload server is running on port 35729
2022-10-23 19:23:54.503  INFO 1848 --- [restartedMain] o.s.b.w.embedded.tomcat.TomcatWebServer  : Tomcat started on port(s): 8080 (http) with context path ''
2022-10-23 19:23:54.514  INFO 1848 --- [restartedMain] com.employee.EmployeeProjcetApplication  : Started EmployeeProjcetApplication in 2.596 seconds (JVM running for 450.459)
2022-10-23 19:23:54.519  INFO 1848 --- [restartedMain] .ConditionEvaluationDeltaLoggingListener : Condition evaluation unchanged
2022-10-23 19:25:32.674  INFO 1848 --- [File Watcher] rtingClassPathChangeChangedEventListener : Restarting due to 1 class path change (0 additions, 0 deletions, 1 modification)
2022-10-23 19:25:33.086  INFO 1848 --- [Thread-9] o.apache.catalina.core.StandardService   : Stopping service [Tomcat]
2022-10-23 19:25:33.113  INFO 1848 --- [Thread-9] j.LocalContainerEntityManagerFactoryBean : Closing JPA EntityManagerFactory for persistence unit 'default'
2022-10-23 19:25:33.114  INFO 1848 --- [Thread-9] .SchemaDropperImpl$DelayedDropActionImpl : HHH000477: Starting delayed evictData of schema as part of SessionFactory shut-down'
2022-10-23 19:25:33.351  WARN 1848 --- [Thread-9] o.s.b.f.support.DisposableBeanAdapter    : Invocation of destroy method failed on bean with name 'inMemoryDatabaseShutdownExecutor': org.h2.jdbc.JdbcSQLNonTransientConnectionException: Database is already closed (to disable automatic closing at VM shutdown, add ";DB_CLOSE_ON_EXIT=FALSE" to the db URL) [90121-200]
2022-10-23 19:25:33.366  INFO 1848 --- [Thread-9] com.zaxxer.hikari.HikariDataSource       : employee - Shutdown initiated...
2022-10-23 19:25:33.372  INFO 1848 --- [Thread-9] com.zaxxer.hikari.HikariDataSource       : employee - Shutdown completed.
2022-10-23 19:25:33.937  INFO 1848 --- [restartedMain] com.employee.EmployeeProjcetApplication  : Starting EmployeeProjcetApplication using Java 1.8.0_333 on DESKTOP-BDPVGGS with PID 1848 (E:\Spring Boot\EmployeeProject\Employee_Projcet_H3\target\classes started by vishal kamble in E:\Spring Boot\EmployeeProject\Employee_Projcet_H3)
2022-10-23 19:25:33.937  INFO 1848 --- [restartedMain] com.employee.EmployeeProjcetApplication  : No active profile set, falling back to 1 default profile: "default"
2022-10-23 19:25:34.573  INFO 1848 --- [restartedMain] .s.d.r.c.RepositoryConfigurationDelegate : Bootstrapping Spring Data JPA repositories in DEFAULT mode.
2022-10-23 19:25:34.609  INFO 1848 --- [restartedMain] .s.d.r.c.RepositoryConfigurationDelegate : Finished Spring Data repository scanning in 34 ms. Found 1 JPA repository interfaces.
2022-10-23 19:25:35.017  INFO 1848 --- [restartedMain] o.s.b.w.embedded.tomcat.TomcatWebServer  : Tomcat initialized with port(s): 8082 (http)
2022-10-23 19:25:35.090  INFO 1848 --- [restartedMain] o.apache.catalina.core.StandardService   : Starting service [Tomcat]
2022-10-23 19:25:35.090  INFO 1848 --- [restartedMain] org.apache.catalina.core.StandardEngine  : Starting Servlet engine: [Apache Tomcat/9.0.65]
2022-10-23 19:25:35.146  INFO 1848 --- [restartedMain] o.a.c.c.C.[Tomcat].[localhost].[/]       : Initializing Spring embedded WebApplicationContext
2022-10-23 19:25:35.147  INFO 1848 --- [restartedMain] w.s.c.ServletWebServerApplicationContext : Root WebApplicationContext: initialization completed in 1200 ms
2022-10-23 19:25:35.190  INFO 1848 --- [restartedMain] com.zaxxer.hikari.HikariDataSource       : employee - Starting...
2022-10-23 19:25:35.201  INFO 1848 --- [restartedMain] com.zaxxer.hikari.HikariDataSource       : employee - Start completed.
2022-10-23 19:25:35.201  INFO 1848 --- [restartedMain] o.s.b.a.h2.H2ConsoleAutoConfiguration    : H2 console available at '/h2-console'. Database available at 'jdbc:h2:mem:employee'
2022-10-23 19:25:35.260  INFO 1848 --- [restartedMain] o.hibernate.jpa.internal.util.LogHelper  : HHH000204: Processing PersistenceUnitInfo [name: default]
2022-10-23 19:25:35.271  INFO 1848 --- [restartedMain] org.hibernate.dialect.Dialect            : HHH000400: Using dialect: org.hibernate.dialect.H2Dialect
2022-10-23 19:25:35.378  INFO 1848 --- [restartedMain] o.h.e.t.j.p.i.JtaPlatformInitiator       : HHH000490: Using JtaPlatform implementation: [org.hibernate.engine.transaction.jta.platform.internal.NoJtaPlatform]
2022-10-23 19:25:35.379  INFO 1848 --- [restartedMain] j.LocalContainerEntityManagerFactoryBean : Initialized JPA EntityManagerFactory for persistence unit 'default'
2022-10-23 19:25:36.260  WARN 1848 --- [restartedMain] JpaBaseConfiguration$JpaWebConfiguration : spring.jpa.open-in-view is enabled by default. Therefore, database queries may be performed during view rendering. Explicitly configure spring.jpa.open-in-view to disable this warning
2022-10-23 19:25:36.511  INFO 1848 --- [restartedMain] o.s.b.d.a.OptionalLiveReloadServer       : LiveReload server is running on port 35729
2022-10-23 19:25:36.550  INFO 1848 --- [restartedMain] o.s.b.w.embedded.tomcat.TomcatWebServer  : Tomcat started on port(s): 8082 (http) with context path ''
2022-10-23 19:25:36.566  INFO 1848 --- [restartedMain] com.employee.EmployeeProjcetApplication  : Started EmployeeProjcetApplication in 2.743 seconds (JVM running for 552.511)
2022-10-23 19:25:36.570  INFO 1848 --- [restartedMain] .ConditionEvaluationDeltaLoggingListener : Condition evaluation unchanged
2022-10-23 19:25:55.267  INFO 1848 --- [http-nio-8082-exec-3] o.a.c.c.C.[Tomcat].[localhost].[/]       : Initializing Spring DispatcherServlet 'dispatcherServlet'
2022-10-23 19:25:55.269  INFO 1848 --- [http-nio-8082-exec-3] o.s.web.servlet.DispatcherServlet        : Initializing Servlet 'dispatcherServlet'
2022-10-23 19:25:55.271  INFO 1848 --- [http-nio-8082-exec-3] o.s.web.servlet.DispatcherServlet        : Completed initialization in 2 ms
2022-10-23 19:25:55.282  INFO 1848 --- [http-nio-8082-exec-3] c.e.controller.EmployeeController        : getAllEmp method is called 
2022-10-23 19:25:55.301 ERROR 1848 --- [http-nio-8082-exec-3] c.e.controller.EmployeeController        : employee list is empty
2022-10-23 19:27:07.785  INFO 1848 --- [RMI TCP Connection(15)-127.0.0.1] inMXBeanRegistrar$SpringApplicationAdmin : Application shutdown requested.
2022-10-23 19:27:08.194  INFO 1848 --- [RMI TCP Connection(15)-127.0.0.1] o.apache.catalina.core.StandardService   : Stopping service [Tomcat]
2022-10-23 19:27:08.199  INFO 1848 --- [RMI TCP Connection(15)-127.0.0.1] o.a.c.c.C.[Tomcat].[localhost].[/]       : Destroying Spring FrameworkServlet 'dispatcherServlet'
2022-10-23 19:27:08.227  INFO 1848 --- [RMI TCP Connection(15)-127.0.0.1] j.LocalContainerEntityManagerFactoryBean : Closing JPA EntityManagerFactory for persistence unit 'default'
2022-10-23 19:27:08.228  INFO 1848 --- [RMI TCP Connection(15)-127.0.0.1] .SchemaDropperImpl$DelayedDropActionImpl : HHH000477: Starting delayed evictData of schema as part of SessionFactory shut-down'
2022-10-23 19:27:08.448  WARN 1848 --- [RMI TCP Connection(15)-127.0.0.1] o.s.b.f.support.DisposableBeanAdapter    : Invocation of destroy method failed on bean with name 'inMemoryDatabaseShutdownExecutor': org.h2.jdbc.JdbcSQLNonTransientConnectionException: Database is already closed (to disable automatic closing at VM shutdown, add ";DB_CLOSE_ON_EXIT=FALSE" to the db URL) [90121-200]
2022-10-23 19:27:08.449  INFO 1848 --- [RMI TCP Connection(15)-127.0.0.1] com.zaxxer.hikari.HikariDataSource       : employee - Shutdown initiated...
2022-10-23 19:27:08.454  INFO 1848 --- [RMI TCP Connection(15)-127.0.0.1] com.zaxxer.hikari.HikariDataSource       : employee - Shutdown completed.
2022-10-23 19:27:21.012  INFO 4340 --- [restartedMain] com.employee.EmployeeProjcetApplication  : Starting EmployeeProjcetApplication using Java 1.8.0_333 on DESKTOP-BDPVGGS with PID 4340 (E:\Spring Boot\EmployeeProject\Employee_Projcet_H3\target\classes started by vishal kamble in E:\Spring Boot\EmployeeProject\Employee_Projcet_H3)
2022-10-23 19:27:21.017  INFO 4340 --- [restartedMain] com.employee.EmployeeProjcetApplication  : No active profile set, falling back to 1 default profile: "default"
2022-10-23 19:27:21.251  INFO 4340 --- [restartedMain] .e.DevToolsPropertyDefaultsPostProcessor : Devtools property defaults active! Set 'spring.devtools.add-properties' to 'false' to disable
2022-10-23 19:27:21.253  INFO 4340 --- [restartedMain] .e.DevToolsPropertyDefaultsPostProcessor : For additional web related logging consider setting the 'logging.level.web' property to 'DEBUG'
2022-10-23 19:27:23.081  INFO 4340 --- [restartedMain] .s.d.r.c.RepositoryConfigurationDelegate : Bootstrapping Spring Data JPA repositories in DEFAULT mode.
2022-10-23 19:27:23.457  INFO 4340 --- [restartedMain] .s.d.r.c.RepositoryConfigurationDelegate : Finished Spring Data repository scanning in 338 ms. Found 1 JPA repository interfaces.
2022-10-23 19:27:25.235  INFO 4340 --- [restartedMain] o.s.b.w.embedded.tomcat.TomcatWebServer  : Tomcat initialized with port(s): 8082 (http)
2022-10-23 19:27:25.303  INFO 4340 --- [restartedMain] o.apache.catalina.core.StandardService   : Starting service [Tomcat]
2022-10-23 19:27:25.305  INFO 4340 --- [restartedMain] org.apache.catalina.core.StandardEngine  : Starting Servlet engine: [Apache Tomcat/9.0.65]
2022-10-23 19:27:25.606  INFO 4340 --- [restartedMain] o.a.c.c.C.[Tomcat].[localhost].[/]       : Initializing Spring embedded WebApplicationContext
2022-10-23 19:27:25.608  INFO 4340 --- [restartedMain] w.s.c.ServletWebServerApplicationContext : Root WebApplicationContext: initialization completed in 4343 ms
2022-10-23 19:27:25.776  INFO 4340 --- [restartedMain] com.zaxxer.hikari.HikariDataSource       : employee - Starting...
2022-10-23 19:27:26.457  INFO 4340 --- [restartedMain] com.zaxxer.hikari.HikariDataSource       : employee - Start completed.
2022-10-23 19:27:26.504  INFO 4340 --- [restartedMain] o.s.b.a.h2.H2ConsoleAutoConfiguration    : H2 console available at '/h2-console'. Database available at 'jdbc:h2:mem:employee'
2022-10-23 19:27:27.310  INFO 4340 --- [restartedMain] o.hibernate.jpa.internal.util.LogHelper  : HHH000204: Processing PersistenceUnitInfo [name: default]
2022-10-23 19:27:27.669  INFO 4340 --- [restartedMain] org.hibernate.Version                    : HHH000412: Hibernate ORM core version 5.6.11.Final
2022-10-23 19:27:28.667  INFO 4340 --- [restartedMain] o.hibernate.annotations.common.Version   : HCANN000001: Hibernate Commons Annotations {5.1.2.Final}
2022-10-23 19:27:29.160  INFO 4340 --- [restartedMain] org.hibernate.dialect.Dialect            : HHH000400: Using dialect: org.hibernate.dialect.H2Dialect
2022-10-23 19:27:31.401  INFO 4340 --- [restartedMain] o.h.e.t.j.p.i.JtaPlatformInitiator       : HHH000490: Using JtaPlatform implementation: [org.hibernate.engine.transaction.jta.platform.internal.NoJtaPlatform]
2022-10-23 19:27:31.433  INFO 4340 --- [restartedMain] j.LocalContainerEntityManagerFactoryBean : Initialized JPA EntityManagerFactory for persistence unit 'default'
2022-10-23 19:27:32.591  WARN 4340 --- [restartedMain] JpaBaseConfiguration$JpaWebConfiguration : spring.jpa.open-in-view is enabled by default. Therefore, database queries may be performed during view rendering. Explicitly configure spring.jpa.open-in-view to disable this warning
2022-10-23 19:27:33.512  INFO 4340 --- [restartedMain] o.s.b.d.a.OptionalLiveReloadServer       : LiveReload server is running on port 35729
2022-10-23 19:27:33.882  INFO 4340 --- [restartedMain] o.s.b.w.embedded.tomcat.TomcatWebServer  : Tomcat started on port(s): 8082 (http) with context path ''
2022-10-23 19:27:33.907  INFO 4340 --- [restartedMain] com.employee.EmployeeProjcetApplication  : Started EmployeeProjcetApplication in 14.111 seconds (JVM running for 16.352)
2022-10-23 19:31:08.318  INFO 4340 --- [File Watcher] rtingClassPathChangeChangedEventListener : Restarting due to 15 class path changes (0 additions, 13 deletions, 2 modifications)
2022-10-23 19:31:09.366  INFO 4340 --- [Thread-7] o.apache.catalina.core.StandardService   : Stopping service [Tomcat]
2022-10-23 19:31:09.393  INFO 4340 --- [Thread-7] j.LocalContainerEntityManagerFactoryBean : Closing JPA EntityManagerFactory for persistence unit 'default'
2022-10-23 19:31:09.394  INFO 4340 --- [Thread-7] .SchemaDropperImpl$DelayedDropActionImpl : HHH000477: Starting delayed evictData of schema as part of SessionFactory shut-down'
2022-10-23 19:31:10.230  WARN 4340 --- [Thread-7] o.s.b.f.support.DisposableBeanAdapter    : Invocation of destroy method failed on bean with name 'inMemoryDatabaseShutdownExecutor': org.h2.jdbc.JdbcSQLNonTransientConnectionException: Database is already closed (to disable automatic closing at VM shutdown, add ";DB_CLOSE_ON_EXIT=FALSE" to the db URL) [90121-200]
2022-10-23 19:31:10.233  INFO 4340 --- [Thread-7] com.zaxxer.hikari.HikariDataSource       : employee - Shutdown initiated...
2022-10-23 19:31:10.277  INFO 4340 --- [Thread-7] com.zaxxer.hikari.HikariDataSource       : employee - Shutdown completed.
2022-10-23 19:31:10.631  INFO 4340 --- [restartedMain] com.employee.EmployeeProjcetApplication  : Starting EmployeeProjcetApplication using Java 1.8.0_333 on DESKTOP-BDPVGGS with PID 4340 (E:\Spring Boot\EmployeeProject\Employee_Projcet_H3\target\classes started by vishal kamble in E:\Spring Boot\EmployeeProject\Employee_Projcet_H3)
2022-10-23 19:31:10.633  INFO 4340 --- [restartedMain] com.employee.EmployeeProjcetApplication  : No active profile set, falling back to 1 default profile: "default"
2022-10-23 19:31:11.210  INFO 4340 --- [restartedMain] .s.d.r.c.RepositoryConfigurationDelegate : Bootstrapping Spring Data JPA repositories in DEFAULT mode.
2022-10-23 19:31:11.236  INFO 4340 --- [restartedMain] .s.d.r.c.RepositoryConfigurationDelegate : Finished Spring Data repository scanning in 25 ms. Found 1 JPA repository interfaces.
2022-10-23 19:31:13.079  INFO 4340 --- [restartedMain] o.s.b.w.embedded.tomcat.TomcatWebServer  : Tomcat initialized with port(s): 8082 (http)
2022-10-23 19:31:13.081  INFO 4340 --- [restartedMain] o.apache.catalina.core.StandardService   : Starting service [Tomcat]
2022-10-23 19:31:13.087  INFO 4340 --- [restartedMain] org.apache.catalina.core.StandardEngine  : Starting Servlet engine: [Apache Tomcat/9.0.65]
2022-10-23 19:31:13.130  INFO 4340 --- [restartedMain] o.a.c.c.C.[Tomcat].[localhost].[/]       : Initializing Spring embedded WebApplicationContext
2022-10-23 19:31:13.130  INFO 4340 --- [restartedMain] w.s.c.ServletWebServerApplicationContext : Root WebApplicationContext: initialization completed in 2489 ms
2022-10-23 19:31:13.158  INFO 4340 --- [restartedMain] com.zaxxer.hikari.HikariDataSource       : employee - Starting...
2022-10-23 19:31:13.164  INFO 4340 --- [restartedMain] com.zaxxer.hikari.HikariDataSource       : employee - Start completed.
2022-10-23 19:31:13.165  INFO 4340 --- [restartedMain] o.s.b.a.h2.H2ConsoleAutoConfiguration    : H2 console available at '/h2-console'. Database available at 'jdbc:h2:mem:employee'
2022-10-23 19:31:13.287  INFO 4340 --- [restartedMain] o.hibernate.jpa.internal.util.LogHelper  : HHH000204: Processing PersistenceUnitInfo [name: default]
2022-10-23 19:31:13.296  INFO 4340 --- [restartedMain] org.hibernate.dialect.Dialect            : HHH000400: Using dialect: org.hibernate.dialect.H2Dialect
2022-10-23 19:31:13.491  INFO 4340 --- [restartedMain] o.h.e.t.j.p.i.JtaPlatformInitiator       : HHH000490: Using JtaPlatform implementation: [org.hibernate.engine.transaction.jta.platform.internal.NoJtaPlatform]
2022-10-23 19:31:13.492  INFO 4340 --- [restartedMain] j.LocalContainerEntityManagerFactoryBean : Initialized JPA EntityManagerFactory for persistence unit 'default'
2022-10-23 19:31:14.048  WARN 4340 --- [restartedMain] JpaBaseConfiguration$JpaWebConfiguration : spring.jpa.open-in-view is enabled by default. Therefore, database queries may be performed during view rendering. Explicitly configure spring.jpa.open-in-view to disable this warning
2022-10-23 19:31:14.655  INFO 4340 --- [restartedMain] o.s.b.d.a.OptionalLiveReloadServer       : LiveReload server is running on port 35729
2022-10-23 19:31:14.717  INFO 4340 --- [restartedMain] o.s.b.w.embedded.tomcat.TomcatWebServer  : Tomcat started on port(s): 8082 (http) with context path ''
2022-10-23 19:31:14.730  INFO 4340 --- [restartedMain] com.employee.EmployeeProjcetApplication  : Started EmployeeProjcetApplication in 4.18 seconds (JVM running for 237.175)
2022-10-23 19:31:14.739  INFO 4340 --- [restartedMain] .ConditionEvaluationDeltaLoggingListener : Condition evaluation unchanged
2022-10-23 19:31:16.102  INFO 4340 --- [File Watcher] rtingClassPathChangeChangedEventListener : Restarting due to 13 class path changes (13 additions, 0 deletions, 0 modifications)
2022-10-23 19:31:16.463  INFO 4340 --- [Thread-9] o.apache.catalina.core.StandardService   : Stopping service [Tomcat]
2022-10-23 19:31:16.489  INFO 4340 --- [Thread-9] j.LocalContainerEntityManagerFactoryBean : Closing JPA EntityManagerFactory for persistence unit 'default'
2022-10-23 19:31:16.494  INFO 4340 --- [Thread-9] .SchemaDropperImpl$DelayedDropActionImpl : HHH000477: Starting delayed evictData of schema as part of SessionFactory shut-down'
2022-10-23 19:31:16.717  WARN 4340 --- [Thread-9] o.s.b.f.support.DisposableBeanAdapter    : Invocation of destroy method failed on bean with name 'inMemoryDatabaseShutdownExecutor': org.h2.jdbc.JdbcSQLNonTransientConnectionException: Database is already closed (to disable automatic closing at VM shutdown, add ";DB_CLOSE_ON_EXIT=FALSE" to the db URL) [90121-200]
2022-10-23 19:31:16.719  INFO 4340 --- [Thread-9] com.zaxxer.hikari.HikariDataSource       : employee - Shutdown initiated...
2022-10-23 19:31:16.728  INFO 4340 --- [Thread-9] com.zaxxer.hikari.HikariDataSource       : employee - Shutdown completed.
2022-10-23 19:31:17.174  INFO 4340 --- [restartedMain] com.employee.EmployeeProjcetApplication  : Starting EmployeeProjcetApplication using Java 1.8.0_333 on DESKTOP-BDPVGGS with PID 4340 (E:\Spring Boot\EmployeeProject\Employee_Projcet_H3\target\classes started by vishal kamble in E:\Spring Boot\EmployeeProject\Employee_Projcet_H3)
2022-10-23 19:31:17.175  INFO 4340 --- [restartedMain] com.employee.EmployeeProjcetApplication  : No active profile set, falling back to 1 default profile: "default"
2022-10-23 19:31:17.710  INFO 4340 --- [restartedMain] .s.d.r.c.RepositoryConfigurationDelegate : Bootstrapping Spring Data JPA repositories in DEFAULT mode.
2022-10-23 19:31:17.752  INFO 4340 --- [restartedMain] .s.d.r.c.RepositoryConfigurationDelegate : Finished Spring Data repository scanning in 30 ms. Found 1 JPA repository interfaces.
2022-10-23 19:31:18.113  INFO 4340 --- [restartedMain] o.s.b.w.embedded.tomcat.TomcatWebServer  : Tomcat initialized with port(s): 8082 (http)
2022-10-23 19:31:18.195  INFO 4340 --- [restartedMain] o.apache.catalina.core.StandardService   : Starting service [Tomcat]
2022-10-23 19:31:18.236  INFO 4340 --- [restartedMain] org.apache.catalina.core.StandardEngine  : Starting Servlet engine: [Apache Tomcat/9.0.65]
2022-10-23 19:31:18.368  INFO 4340 --- [restartedMain] o.a.c.c.C.[Tomcat].[localhost].[/]       : Initializing Spring embedded WebApplicationContext
2022-10-23 19:31:18.368  INFO 4340 --- [restartedMain] w.s.c.ServletWebServerApplicationContext : Root WebApplicationContext: initialization completed in 1173 ms
2022-10-23 19:31:18.407  INFO 4340 --- [restartedMain] com.zaxxer.hikari.HikariDataSource       : employee - Starting...
2022-10-23 19:31:18.420  INFO 4340 --- [restartedMain] com.zaxxer.hikari.HikariDataSource       : employee - Start completed.
2022-10-23 19:31:18.421  INFO 4340 --- [restartedMain] o.s.b.a.h2.H2ConsoleAutoConfiguration    : H2 console available at '/h2-console'. Database available at 'jdbc:h2:mem:employee'
2022-10-23 19:31:18.689  INFO 4340 --- [restartedMain] o.hibernate.jpa.internal.util.LogHelper  : HHH000204: Processing PersistenceUnitInfo [name: default]
2022-10-23 19:31:18.706  INFO 4340 --- [restartedMain] org.hibernate.dialect.Dialect            : HHH000400: Using dialect: org.hibernate.dialect.H2Dialect
2022-10-23 19:31:18.821  INFO 4340 --- [restartedMain] o.h.e.t.j.p.i.JtaPlatformInitiator       : HHH000490: Using JtaPlatform implementation: [org.hibernate.engine.transaction.jta.platform.internal.NoJtaPlatform]
2022-10-23 19:31:18.826  INFO 4340 --- [restartedMain] j.LocalContainerEntityManagerFactoryBean : Initialized JPA EntityManagerFactory for persistence unit 'default'
2022-10-23 19:31:19.089  WARN 4340 --- [restartedMain] JpaBaseConfiguration$JpaWebConfiguration : spring.jpa.open-in-view is enabled by default. Therefore, database queries may be performed during view rendering. Explicitly configure spring.jpa.open-in-view to disable this warning
2022-10-23 19:31:19.334  INFO 4340 --- [restartedMain] o.s.b.d.a.OptionalLiveReloadServer       : LiveReload server is running on port 35729
2022-10-23 19:31:19.374  INFO 4340 --- [restartedMain] o.s.b.w.embedded.tomcat.TomcatWebServer  : Tomcat started on port(s): 8082 (http) with context path ''
2022-10-23 19:31:19.392  INFO 4340 --- [restartedMain] com.employee.EmployeeProjcetApplication  : Started EmployeeProjcetApplication in 2.301 seconds (JVM running for 241.837)
2022-10-23 19:31:19.397  INFO 4340 --- [restartedMain] .ConditionEvaluationDeltaLoggingListener : Condition evaluation unchanged
2022-10-23 19:31:38.661  INFO 4340 --- [http-nio-8082-exec-1] o.a.c.c.C.[Tomcat].[localhost].[/]       : Initializing Spring DispatcherServlet 'dispatcherServlet'
2022-10-23 19:31:38.665  INFO 4340 --- [http-nio-8082-exec-1] o.s.web.servlet.DispatcherServlet        : Initializing Servlet 'dispatcherServlet'
2022-10-23 19:31:38.669  INFO 4340 --- [http-nio-8082-exec-1] o.s.web.servlet.DispatcherServlet        : Completed initialization in 2 ms
2022-10-23 19:31:38.818  INFO 4340 --- [http-nio-8082-exec-1] c.e.controller.EmployeeController        : getAllEmp method is called 
2022-10-23 19:31:39.668 ERROR 4340 --- [http-nio-8082-exec-1] c.e.controller.EmployeeController        : employee list is empty
2022-10-23 19:33:09.873  INFO 4340 --- [File Watcher] rtingClassPathChangeChangedEventListener : Restarting due to 1 class path change (1 addition, 0 deletions, 0 modifications)
2022-10-23 19:33:10.606  INFO 4340 --- [Thread-14] o.apache.catalina.core.StandardService   : Stopping service [Tomcat]
2022-10-23 19:33:10.608  INFO 4340 --- [Thread-14] o.a.c.c.C.[Tomcat].[localhost].[/]       : Destroying Spring FrameworkServlet 'dispatcherServlet'
2022-10-23 19:33:10.628  INFO 4340 --- [Thread-14] j.LocalContainerEntityManagerFactoryBean : Closing JPA EntityManagerFactory for persistence unit 'default'
2022-10-23 19:33:10.629  INFO 4340 --- [Thread-14] .SchemaDropperImpl$DelayedDropActionImpl : HHH000477: Starting delayed evictData of schema as part of SessionFactory shut-down'
2022-10-23 19:33:10.850  WARN 4340 --- [Thread-14] o.s.b.f.support.DisposableBeanAdapter    : Invocation of destroy method failed on bean with name 'inMemoryDatabaseShutdownExecutor': org.h2.jdbc.JdbcSQLNonTransientConnectionException: Database is already closed (to disable automatic closing at VM shutdown, add ";DB_CLOSE_ON_EXIT=FALSE" to the db URL) [90121-200]
2022-10-23 19:33:10.852  INFO 4340 --- [Thread-14] com.zaxxer.hikari.HikariDataSource       : employee - Shutdown initiated...
2022-10-23 19:33:10.856  INFO 4340 --- [Thread-14] com.zaxxer.hikari.HikariDataSource       : employee - Shutdown completed.
2022-10-23 19:33:11.148  INFO 4340 --- [restartedMain] com.employee.EmployeeProjcetApplication  : Starting EmployeeProjcetApplication using Java 1.8.0_333 on DESKTOP-BDPVGGS with PID 4340 (E:\Spring Boot\EmployeeProject\Employee_Projcet_H3\target\classes started by vishal kamble in E:\Spring Boot\EmployeeProject\Employee_Projcet_H3)
2022-10-23 19:33:11.149  INFO 4340 --- [restartedMain] com.employee.EmployeeProjcetApplication  : No active profile set, falling back to 1 default profile: "default"
2022-10-23 19:33:11.695  INFO 4340 --- [restartedMain] .s.d.r.c.RepositoryConfigurationDelegate : Bootstrapping Spring Data JPA repositories in DEFAULT mode.
2022-10-23 19:33:11.730  INFO 4340 --- [restartedMain] .s.d.r.c.RepositoryConfigurationDelegate : Finished Spring Data repository scanning in 32 ms. Found 1 JPA repository interfaces.
2022-10-23 19:33:12.120  INFO 4340 --- [restartedMain] o.s.b.w.embedded.tomcat.TomcatWebServer  : Tomcat initialized with port(s): 8082 (http)
2022-10-23 19:33:12.124  INFO 4340 --- [restartedMain] o.apache.catalina.core.StandardService   : Starting service [Tomcat]
2022-10-23 19:33:12.125  INFO 4340 --- [restartedMain] org.apache.catalina.core.StandardEngine  : Starting Servlet engine: [Apache Tomcat/9.0.65]
2022-10-23 19:33:12.166  INFO 4340 --- [restartedMain] o.a.c.c.C.[Tomcat].[localhost].[/]       : Initializing Spring embedded WebApplicationContext
2022-10-23 19:33:12.167  INFO 4340 --- [restartedMain] w.s.c.ServletWebServerApplicationContext : Root WebApplicationContext: initialization completed in 1011 ms
2022-10-23 19:33:12.205  INFO 4340 --- [restartedMain] com.zaxxer.hikari.HikariDataSource       : employee - Starting...
2022-10-23 19:33:12.210  INFO 4340 --- [restartedMain] com.zaxxer.hikari.HikariDataSource       : employee - Start completed.
2022-10-23 19:33:12.211  INFO 4340 --- [restartedMain] o.s.b.a.h2.H2ConsoleAutoConfiguration    : H2 console available at '/h2-console'. Database available at 'jdbc:h2:mem:employee'
2022-10-23 19:33:12.271  INFO 4340 --- [restartedMain] o.hibernate.jpa.internal.util.LogHelper  : HHH000204: Processing PersistenceUnitInfo [name: default]
2022-10-23 19:33:12.288  INFO 4340 --- [restartedMain] org.hibernate.dialect.Dialect            : HHH000400: Using dialect: org.hibernate.dialect.H2Dialect
2022-10-23 19:33:12.393  INFO 4340 --- [restartedMain] o.h.e.t.j.p.i.JtaPlatformInitiator       : HHH000490: Using JtaPlatform implementation: [org.hibernate.engine.transaction.jta.platform.internal.NoJtaPlatform]
2022-10-23 19:33:12.394  INFO 4340 --- [restartedMain] j.LocalContainerEntityManagerFactoryBean : Initialized JPA EntityManagerFactory for persistence unit 'default'
2022-10-23 19:33:12.609  WARN 4340 --- [restartedMain] JpaBaseConfiguration$JpaWebConfiguration : spring.jpa.open-in-view is enabled by default. Therefore, database queries may be performed during view rendering. Explicitly configure spring.jpa.open-in-view to disable this warning
2022-10-23 19:33:12.856  INFO 4340 --- [restartedMain] o.s.b.d.a.OptionalLiveReloadServer       : LiveReload server is running on port 35729
2022-10-23 19:33:12.882  INFO 4340 --- [restartedMain] o.s.b.w.embedded.tomcat.TomcatWebServer  : Tomcat started on port(s): 8082 (http) with context path ''
2022-10-23 19:33:12.896  INFO 4340 --- [restartedMain] com.employee.EmployeeProjcetApplication  : Started EmployeeProjcetApplication in 1.789 seconds (JVM running for 355.342)
2022-10-23 19:33:12.899  INFO 4340 --- [restartedMain] .ConditionEvaluationDeltaLoggingListener : Condition evaluation unchanged
2022-10-23 19:34:54.589  INFO 4340 --- [File Watcher] rtingClassPathChangeChangedEventListener : Restarting due to 1 class path change (0 additions, 0 deletions, 1 modification)
2022-10-23 19:34:55.009  INFO 4340 --- [Thread-18] o.apache.catalina.core.StandardService   : Stopping service [Tomcat]
2022-10-23 19:34:55.030  INFO 4340 --- [Thread-18] j.LocalContainerEntityManagerFactoryBean : Closing JPA EntityManagerFactory for persistence unit 'default'
2022-10-23 19:34:55.031  INFO 4340 --- [Thread-18] .SchemaDropperImpl$DelayedDropActionImpl : HHH000477: Starting delayed evictData of schema as part of SessionFactory shut-down'
2022-10-23 19:34:55.261  WARN 4340 --- [Thread-18] o.s.b.f.support.DisposableBeanAdapter    : Invocation of destroy method failed on bean with name 'inMemoryDatabaseShutdownExecutor': org.h2.jdbc.JdbcSQLNonTransientConnectionException: Database is already closed (to disable automatic closing at VM shutdown, add ";DB_CLOSE_ON_EXIT=FALSE" to the db URL) [90121-200]
2022-10-23 19:34:55.262  INFO 4340 --- [Thread-18] com.zaxxer.hikari.HikariDataSource       : employee - Shutdown initiated...
2022-10-23 19:34:55.289  INFO 4340 --- [Thread-18] com.zaxxer.hikari.HikariDataSource       : employee - Shutdown completed.
2022-10-23 19:34:56.175  INFO 4340 --- [restartedMain] com.employee.EmployeeProjcetApplication  : Starting EmployeeProjcetApplication using Java 1.8.0_333 on DESKTOP-BDPVGGS with PID 4340 (E:\Spring Boot\EmployeeProject\Employee_Projcet_H3\target\classes started by vishal kamble in E:\Spring Boot\EmployeeProject\Employee_Projcet_H3)
2022-10-23 19:34:56.176  INFO 4340 --- [restartedMain] com.employee.EmployeeProjcetApplication  : No active profile set, falling back to 1 default profile: "default"
2022-10-23 19:34:57.158  INFO 4340 --- [restartedMain] .s.d.r.c.RepositoryConfigurationDelegate : Bootstrapping Spring Data JPA repositories in DEFAULT mode.
2022-10-23 19:34:57.193  INFO 4340 --- [restartedMain] .s.d.r.c.RepositoryConfigurationDelegate : Finished Spring Data repository scanning in 34 ms. Found 1 JPA repository interfaces.
2022-10-23 19:34:57.988  INFO 4340 --- [restartedMain] o.s.b.w.embedded.tomcat.TomcatWebServer  : Tomcat initialized with port(s): 8082 (http)
2022-10-23 19:34:57.989  INFO 4340 --- [restartedMain] o.apache.catalina.core.StandardService   : Starting service [Tomcat]
2022-10-23 19:34:57.990  INFO 4340 --- [restartedMain] org.apache.catalina.core.StandardEngine  : Starting Servlet engine: [Apache Tomcat/9.0.65]
2022-10-23 19:34:58.311  INFO 4340 --- [restartedMain] o.a.c.c.C.[Tomcat].[localhost].[/]       : Initializing Spring embedded WebApplicationContext
2022-10-23 19:34:58.318  INFO 4340 --- [restartedMain] w.s.c.ServletWebServerApplicationContext : Root WebApplicationContext: initialization completed in 2135 ms
2022-10-23 19:34:58.588  INFO 4340 --- [restartedMain] com.zaxxer.hikari.HikariDataSource       : employee - Starting...
2022-10-23 19:34:58.602  INFO 4340 --- [restartedMain] com.zaxxer.hikari.HikariDataSource       : employee - Start completed.
2022-10-23 19:34:58.602  INFO 4340 --- [restartedMain] o.s.b.a.h2.H2ConsoleAutoConfiguration    : H2 console available at '/h2-console'. Database available at 'jdbc:h2:mem:employee'
2022-10-23 19:34:59.865  INFO 4340 --- [restartedMain] o.hibernate.jpa.internal.util.LogHelper  : HHH000204: Processing PersistenceUnitInfo [name: default]
2022-10-23 19:34:59.877  INFO 4340 --- [restartedMain] org.hibernate.dialect.Dialect            : HHH000400: Using dialect: org.hibernate.dialect.H2Dialect
2022-10-23 19:34:59.952  INFO 4340 --- [restartedMain] o.h.e.t.j.p.i.JtaPlatformInitiator       : HHH000490: Using JtaPlatform implementation: [org.hibernate.engine.transaction.jta.platform.internal.NoJtaPlatform]
2022-10-23 19:34:59.952  INFO 4340 --- [restartedMain] j.LocalContainerEntityManagerFactoryBean : Initialized JPA EntityManagerFactory for persistence unit 'default'
2022-10-23 19:35:00.544  WARN 4340 --- [restartedMain] JpaBaseConfiguration$JpaWebConfiguration : spring.jpa.open-in-view is enabled by default. Therefore, database queries may be performed during view rendering. Explicitly configure spring.jpa.open-in-view to disable this warning
2022-10-23 19:35:01.253  INFO 4340 --- [restartedMain] o.s.b.d.a.OptionalLiveReloadServer       : LiveReload server is running on port 35729
2022-10-23 19:35:01.278  INFO 4340 --- [restartedMain] o.s.b.w.embedded.tomcat.TomcatWebServer  : Tomcat started on port(s): 8082 (http) with context path ''
2022-10-23 19:35:01.323  INFO 4340 --- [restartedMain] com.employee.EmployeeProjcetApplication  : Started EmployeeProjcetApplication in 5.326 seconds (JVM running for 463.768)
2022-10-23 19:35:01.327  INFO 4340 --- [restartedMain] .ConditionEvaluationDeltaLoggingListener : Condition evaluation unchanged
2022-10-23 19:35:04.035  INFO 4340 --- [File Watcher] rtingClassPathChangeChangedEventListener : Restarting due to 16 class path changes (0 additions, 0 deletions, 16 modifications)
2022-10-23 19:35:06.197  INFO 4340 --- [Thread-22] o.apache.catalina.core.StandardService   : Stopping service [Tomcat]
2022-10-23 19:35:06.215  INFO 4340 --- [Thread-22] j.LocalContainerEntityManagerFactoryBean : Closing JPA EntityManagerFactory for persistence unit 'default'
2022-10-23 19:35:06.215  INFO 4340 --- [Thread-22] .SchemaDropperImpl$DelayedDropActionImpl : HHH000477: Starting delayed evictData of schema as part of SessionFactory shut-down'
2022-10-23 19:35:06.431  WARN 4340 --- [Thread-22] o.s.b.f.support.DisposableBeanAdapter    : Invocation of destroy method failed on bean with name 'inMemoryDatabaseShutdownExecutor': org.h2.jdbc.JdbcSQLNonTransientConnectionException: Database is already closed (to disable automatic closing at VM shutdown, add ";DB_CLOSE_ON_EXIT=FALSE" to the db URL) [90121-200]
2022-10-23 19:35:06.432  INFO 4340 --- [Thread-22] com.zaxxer.hikari.HikariDataSource       : employee - Shutdown initiated...
2022-10-23 19:35:06.483  INFO 4340 --- [Thread-22] com.zaxxer.hikari.HikariDataSource       : employee - Shutdown completed.
2022-10-23 19:35:07.042  INFO 4340 --- [restartedMain] com.employee.EmployeeProjcetApplication  : Starting EmployeeProjcetApplication using Java 1.8.0_333 on DESKTOP-BDPVGGS with PID 4340 (E:\Spring Boot\EmployeeProject\Employee_Projcet_H3\target\classes started by vishal kamble in E:\Spring Boot\EmployeeProject\Employee_Projcet_H3)
2022-10-23 19:35:07.042  INFO 4340 --- [restartedMain] com.employee.EmployeeProjcetApplication  : No active profile set, falling back to 1 default profile: "default"
2022-10-23 19:35:08.153  INFO 4340 --- [restartedMain] .s.d.r.c.RepositoryConfigurationDelegate : Bootstrapping Spring Data JPA repositories in DEFAULT mode.
2022-10-23 19:35:08.173  INFO 4340 --- [restartedMain] .s.d.r.c.RepositoryConfigurationDelegate : Finished Spring Data repository scanning in 19 ms. Found 1 JPA repository interfaces.
2022-10-23 19:35:08.353  INFO 4340 --- [restartedMain] o.s.b.w.embedded.tomcat.TomcatWebServer  : Tomcat initialized with port(s): 8082 (http)
2022-10-23 19:35:08.355  INFO 4340 --- [restartedMain] o.apache.catalina.core.StandardService   : Starting service [Tomcat]
2022-10-23 19:35:08.355  INFO 4340 --- [restartedMain] org.apache.catalina.core.StandardEngine  : Starting Servlet engine: [Apache Tomcat/9.0.65]
2022-10-23 19:35:08.390  INFO 4340 --- [restartedMain] o.a.c.c.C.[Tomcat].[localhost].[/]       : Initializing Spring embedded WebApplicationContext
2022-10-23 19:35:08.390  INFO 4340 --- [restartedMain] w.s.c.ServletWebServerApplicationContext : Root WebApplicationContext: initialization completed in 1342 ms
2022-10-23 19:35:08.417  INFO 4340 --- [restartedMain] com.zaxxer.hikari.HikariDataSource       : employee - Starting...
2022-10-23 19:35:08.422  INFO 4340 --- [restartedMain] com.zaxxer.hikari.HikariDataSource       : employee - Start completed.
2022-10-23 19:35:08.423  INFO 4340 --- [restartedMain] o.s.b.a.h2.H2ConsoleAutoConfiguration    : H2 console available at '/h2-console'. Database available at 'jdbc:h2:mem:employee'
2022-10-23 19:35:08.539  INFO 4340 --- [restartedMain] o.hibernate.jpa.internal.util.LogHelper  : HHH000204: Processing PersistenceUnitInfo [name: default]
2022-10-23 19:35:08.823  INFO 4340 --- [restartedMain] org.hibernate.dialect.Dialect            : HHH000400: Using dialect: org.hibernate.dialect.H2Dialect
2022-10-23 19:35:08.875  INFO 4340 --- [restartedMain] o.h.e.t.j.p.i.JtaPlatformInitiator       : HHH000490: Using JtaPlatform implementation: [org.hibernate.engine.transaction.jta.platform.internal.NoJtaPlatform]
2022-10-23 19:35:08.875  INFO 4340 --- [restartedMain] j.LocalContainerEntityManagerFactoryBean : Initialized JPA EntityManagerFactory for persistence unit 'default'
2022-10-23 19:35:09.097  WARN 4340 --- [restartedMain] JpaBaseConfiguration$JpaWebConfiguration : spring.jpa.open-in-view is enabled by default. Therefore, database queries may be performed during view rendering. Explicitly configure spring.jpa.open-in-view to disable this warning
2022-10-23 19:35:09.318  INFO 4340 --- [restartedMain] o.s.b.d.a.OptionalLiveReloadServer       : LiveReload server is running on port 35729
2022-10-23 19:35:09.347  INFO 4340 --- [restartedMain] o.s.b.w.embedded.tomcat.TomcatWebServer  : Tomcat started on port(s): 8082 (http) with context path ''
2022-10-23 19:35:09.358  INFO 4340 --- [restartedMain] com.employee.EmployeeProjcetApplication  : Started EmployeeProjcetApplication in 2.49 seconds (JVM running for 471.803)
2022-10-23 19:35:09.361  INFO 4340 --- [restartedMain] .ConditionEvaluationDeltaLoggingListener : Condition evaluation unchanged
2022-10-23 19:46:10.183  INFO 4340 --- [File Watcher] rtingClassPathChangeChangedEventListener : Restarting due to 1 class path change (0 additions, 0 deletions, 1 modification)
2022-10-23 19:46:10.462  INFO 4340 --- [Thread-26] o.apache.catalina.core.StandardService   : Stopping service [Tomcat]
2022-10-23 19:46:10.477  INFO 4340 --- [Thread-26] j.LocalContainerEntityManagerFactoryBean : Closing JPA EntityManagerFactory for persistence unit 'default'
2022-10-23 19:46:10.478  INFO 4340 --- [Thread-26] .SchemaDropperImpl$DelayedDropActionImpl : HHH000477: Starting delayed evictData of schema as part of SessionFactory shut-down'
2022-10-23 19:46:10.700  WARN 4340 --- [Thread-26] o.s.b.f.support.DisposableBeanAdapter    : Invocation of destroy method failed on bean with name 'inMemoryDatabaseShutdownExecutor': org.h2.jdbc.JdbcSQLNonTransientConnectionException: Database is already closed (to disable automatic closing at VM shutdown, add ";DB_CLOSE_ON_EXIT=FALSE" to the db URL) [90121-200]
2022-10-23 19:46:10.736  INFO 4340 --- [Thread-26] com.zaxxer.hikari.HikariDataSource       : employee - Shutdown initiated...
2022-10-23 19:46:10.744  INFO 4340 --- [Thread-26] com.zaxxer.hikari.HikariDataSource       : employee - Shutdown completed.
2022-10-23 19:46:11.081  INFO 4340 --- [restartedMain] com.employee.EmployeeProjcetApplication  : Starting EmployeeProjcetApplication using Java 1.8.0_333 on DESKTOP-BDPVGGS with PID 4340 (E:\Spring Boot\EmployeeProject\Employee_Projcet_H3\target\classes started by vishal kamble in E:\Spring Boot\EmployeeProject\Employee_Projcet_H3)
2022-10-23 19:46:11.082  INFO 4340 --- [restartedMain] com.employee.EmployeeProjcetApplication  : No active profile set, falling back to 1 default profile: "default"
2022-10-23 19:46:11.621 ERROR 4340 --- [restartedMain] o.s.boot.SpringApplication               : Application run failed

java.lang.IllegalStateException: Error processing condition on org.springframework.boot.autoconfigure.context.PropertyPlaceholderAutoConfiguration.propertySourcesPlaceholderConfigurer
	at org.springframework.boot.autoconfigure.condition.SpringBootCondition.matches(SpringBootCondition.java:60) ~[spring-boot-autoconfigure-2.6.12.jar:2.6.12]
	at org.springframework.context.annotation.ConditionEvaluator.shouldSkip(ConditionEvaluator.java:108) ~[spring-context-5.3.23.jar:5.3.23]
	at org.springframework.context.annotation.ConfigurationClassBeanDefinitionReader.loadBeanDefinitionsForBeanMethod(ConfigurationClassBeanDefinitionReader.java:193) ~[spring-context-5.3.23.jar:5.3.23]
	at org.springframework.context.annotation.ConfigurationClassBeanDefinitionReader.loadBeanDefinitionsForConfigurationClass(ConfigurationClassBeanDefinitionReader.java:153) ~[spring-context-5.3.23.jar:5.3.23]
	at org.springframework.context.annotation.ConfigurationClassBeanDefinitionReader.loadBeanDefinitions(ConfigurationClassBeanDefinitionReader.java:129) ~[spring-context-5.3.23.jar:5.3.23]
	at org.springframework.context.annotation.ConfigurationClassPostProcessor.processConfigBeanDefinitions(ConfigurationClassPostProcessor.java:343) ~[spring-context-5.3.23.jar:5.3.23]
	at org.springframework.context.annotation.ConfigurationClassPostProcessor.postProcessBeanDefinitionRegistry(ConfigurationClassPostProcessor.java:247) ~[spring-context-5.3.23.jar:5.3.23]
	at org.springframework.context.support.PostProcessorRegistrationDelegate.invokeBeanDefinitionRegistryPostProcessors(PostProcessorRegistrationDelegate.java:311) ~[spring-context-5.3.23.jar:5.3.23]
	at org.springframework.context.support.PostProcessorRegistrationDelegate.invokeBeanFactoryPostProcessors(PostProcessorRegistrationDelegate.java:112) ~[spring-context-5.3.23.jar:5.3.23]
	at org.springframework.context.support.AbstractApplicationContext.invokeBeanFactoryPostProcessors(AbstractApplicationContext.java:746) ~[spring-context-5.3.23.jar:5.3.23]
	at org.springframework.context.support.AbstractApplicationContext.refresh(AbstractApplicationContext.java:564) ~[spring-context-5.3.23.jar:5.3.23]
	at org.springframework.boot.web.servlet.context.ServletWebServerApplicationContext.refresh(ServletWebServerApplicationContext.java:145) ~[spring-boot-2.6.12.jar:2.6.12]
	at org.springframework.boot.SpringApplication.refresh(SpringApplication.java:745) [spring-boot-2.6.12.jar:2.6.12]
	at org.springframework.boot.SpringApplication.refreshContext(SpringApplication.java:420) [spring-boot-2.6.12.jar:2.6.12]
	at org.springframework.boot.SpringApplication.run(SpringApplication.java:307) [spring-boot-2.6.12.jar:2.6.12]
	at org.springframework.boot.SpringApplication.run(SpringApplication.java:1317) [spring-boot-2.6.12.jar:2.6.12]
	at org.springframework.boot.SpringApplication.run(SpringApplication.java:1306) [spring-boot-2.6.12.jar:2.6.12]
	at com.employee.EmployeeProjcetApplication.main(EmployeeProjcetApplication.java:15) [classes/:na]
	at sun.reflect.NativeMethodAccessorImpl.invoke0(Native Method) ~[na:1.8.0_333]
	at sun.reflect.NativeMethodAccessorImpl.invoke(NativeMethodAccessorImpl.java:62) ~[na:1.8.0_333]
	at sun.reflect.DelegatingMethodAccessorImpl.invoke(DelegatingMethodAccessorImpl.java:43) ~[na:1.8.0_333]
	at java.lang.reflect.Method.invoke(Method.java:498) ~[na:1.8.0_333]
	at org.springframework.boot.devtools.restart.RestartLauncher.run(RestartLauncher.java:49) [spring-boot-devtools-2.6.12.jar:2.6.12]
Caused by: java.lang.IllegalStateException: Failed to introspect Class [com.employee.swager.ProjectSwager] from ClassLoader [org.springframework.boot.devtools.restart.classloader.RestartClassLoader@23d772f8]
	at org.springframework.util.ReflectionUtils.getDeclaredMethods(ReflectionUtils.java:485) ~[spring-core-5.3.23.jar:5.3.23]
	at org.springframework.util.ReflectionUtils.doWithMethods(ReflectionUtils.java:361) ~[spring-core-5.3.23.jar:5.3.23]
	at org.springframework.util.ReflectionUtils.getUniqueDeclaredMethods(ReflectionUtils.java:418) ~[spring-core-5.3.23.jar:5.3.23]
	at org.springframework.beans.factory.support.AbstractAutowireCapableBeanFactory.lambda$getTypeForFactoryMethod$2(AbstractAutowireCapableBeanFactory.java:765) ~[spring-beans-5.3.23.jar:5.3.23]
	at java.util.concurrent.ConcurrentHashMap.computeIfAbsent(ConcurrentHashMap.java:1660) ~[na:1.8.0_333]
	at org.springframework.beans.factory.support.AbstractAutowireCapableBeanFactory.getTypeForFactoryMethod(AbstractAutowireCapableBeanFactory.java:764) ~[spring-beans-5.3.23.jar:5.3.23]
	at org.springframework.beans.factory.support.AbstractAutowireCapableBeanFactory.determineTargetType(AbstractAutowireCapableBeanFactory.java:703) ~[spring-beans-5.3.23.jar:5.3.23]
	at org.springframework.beans.factory.support.AbstractAutowireCapableBeanFactory.predictBeanType(AbstractAutowireCapableBeanFactory.java:674) ~[spring-beans-5.3.23.jar:5.3.23]
	at org.springframework.beans.factory.support.AbstractBeanFactory.isFactoryBean(AbstractBeanFactory.java:1670) ~[spring-beans-5.3.23.jar:5.3.23]
	at org.springframework.beans.factory.support.DefaultListableBeanFactory.doGetBeanNamesForType(DefaultListableBeanFactory.java:570) ~[spring-beans-5.3.23.jar:5.3.23]
	at org.springframework.beans.factory.support.DefaultListableBeanFactory.getBeanNamesForType(DefaultListableBeanFactory.java:542) ~[spring-beans-5.3.23.jar:5.3.23]
	at org.springframework.boot.autoconfigure.condition.OnBeanCondition.collectBeanNamesForType(OnBeanCondition.java:250) ~[spring-boot-autoconfigure-2.6.12.jar:2.6.12]
	at org.springframework.boot.autoconfigure.condition.OnBeanCondition.getBeanNamesForType(OnBeanCondition.java:243) ~[spring-boot-autoconfigure-2.6.12.jar:2.6.12]
	at org.springframework.boot.autoconfigure.condition.OnBeanCondition.getBeanNamesForType(OnBeanCondition.java:233) ~[spring-boot-autoconfigure-2.6.12.jar:2.6.12]
	at org.springframework.boot.autoconfigure.condition.OnBeanCondition.getMatchingBeans(OnBeanCondition.java:181) ~[spring-boot-autoconfigure-2.6.12.jar:2.6.12]
	at org.springframework.boot.autoconfigure.condition.OnBeanCondition.getMatchOutcome(OnBeanCondition.java:156) ~[spring-boot-autoconfigure-2.6.12.jar:2.6.12]
	at org.springframework.boot.autoconfigure.condition.SpringBootCondition.matches(SpringBootCondition.java:47) ~[spring-boot-autoconfigure-2.6.12.jar:2.6.12]
	... 22 common frames omitted
Caused by: java.lang.NoClassDefFoundError: springfox/documentation/service/ApiInfo
	at java.lang.Class.getDeclaredMethods0(Native Method) ~[na:1.8.0_333]
	at java.lang.Class.privateGetDeclaredMethods(Class.java:2701) ~[na:1.8.0_333]
	at java.lang.Class.getDeclaredMethods(Class.java:1975) ~[na:1.8.0_333]
	at org.springframework.util.ReflectionUtils.getDeclaredMethods(ReflectionUtils.java:467) ~[spring-core-5.3.23.jar:5.3.23]
	... 38 common frames omitted
Caused by: java.lang.ClassNotFoundException: springfox.documentation.service.ApiInfo
	at java.net.URLClassLoader.findClass(URLClassLoader.java:387) ~[na:1.8.0_333]
	at java.lang.ClassLoader.loadClass(ClassLoader.java:418) ~[na:1.8.0_333]
	at sun.misc.Launcher$AppClassLoader.loadClass(Launcher.java:355) ~[na:1.8.0_333]
	at java.lang.ClassLoader.loadClass(ClassLoader.java:351) ~[na:1.8.0_333]
	at java.lang.Class.forName0(Native Method) ~[na:1.8.0_333]
	at java.lang.Class.forName(Class.java:348) ~[na:1.8.0_333]
	at org.springframework.boot.devtools.restart.classloader.RestartClassLoader.loadClass(RestartClassLoader.java:145) ~[spring-boot-devtools-2.6.12.jar:2.6.12]
	at java.lang.ClassLoader.loadClass(ClassLoader.java:351) ~[na:1.8.0_333]
	... 42 common frames omitted

2022-10-23 19:46:11.632  WARN 4340 --- [restartedMain] o.s.boot.SpringApplication               : Unable to close ApplicationContext

java.lang.IllegalStateException: Failed to introspect Class [com.employee.swager.ProjectSwager] from ClassLoader [org.springframework.boot.devtools.restart.classloader.RestartClassLoader@23d772f8]
	at org.springframework.util.ReflectionUtils.getDeclaredMethods(ReflectionUtils.java:485) ~[spring-core-5.3.23.jar:5.3.23]
	at org.springframework.util.ReflectionUtils.doWithMethods(ReflectionUtils.java:361) ~[spring-core-5.3.23.jar:5.3.23]
	at org.springframework.util.ReflectionUtils.getUniqueDeclaredMethods(ReflectionUtils.java:418) ~[spring-core-5.3.23.jar:5.3.23]
	at org.springframework.beans.factory.support.AbstractAutowireCapableBeanFactory.lambda$getTypeForFactoryMethod$2(AbstractAutowireCapableBeanFactory.java:765) ~[spring-beans-5.3.23.jar:5.3.23]
	at java.util.concurrent.ConcurrentHashMap.computeIfAbsent(ConcurrentHashMap.java:1660) ~[na:1.8.0_333]
	at org.springframework.beans.factory.support.AbstractAutowireCapableBeanFactory.getTypeForFactoryMethod(AbstractAutowireCapableBeanFactory.java:764) ~[spring-beans-5.3.23.jar:5.3.23]
	at org.springframework.beans.factory.support.AbstractAutowireCapableBeanFactory.determineTargetType(AbstractAutowireCapableBeanFactory.java:703) ~[spring-beans-5.3.23.jar:5.3.23]
	at org.springframework.beans.factory.support.AbstractAutowireCapableBeanFactory.predictBeanType(AbstractAutowireCapableBeanFactory.java:674) ~[spring-beans-5.3.23.jar:5.3.23]
	at org.springframework.beans.factory.support.AbstractBeanFactory.isFactoryBean(AbstractBeanFactory.java:1670) ~[spring-beans-5.3.23.jar:5.3.23]
	at org.springframework.beans.factory.support.DefaultListableBeanFactory.doGetBeanNamesForType(DefaultListableBeanFactory.java:570) ~[spring-beans-5.3.23.jar:5.3.23]
	at org.springframework.beans.factory.support.DefaultListableBeanFactory.getBeanNamesForType(DefaultListableBeanFactory.java:542) ~[spring-beans-5.3.23.jar:5.3.23]
	at org.springframework.beans.factory.support.DefaultListableBeanFactory.getBeansOfType(DefaultListableBeanFactory.java:669) ~[spring-beans-5.3.23.jar:5.3.23]
	at org.springframework.beans.factory.support.DefaultListableBeanFactory.getBeansOfType(DefaultListableBeanFactory.java:661) ~[spring-beans-5.3.23.jar:5.3.23]
	at org.springframework.context.support.AbstractApplicationContext.getBeansOfType(AbstractApplicationContext.java:1300) ~[spring-context-5.3.23.jar:5.3.23]
	at org.springframework.boot.SpringApplication.getExitCodeFromMappedException(SpringApplication.java:878) [spring-boot-2.6.12.jar:2.6.12]
	at org.springframework.boot.SpringApplication.getExitCodeFromException(SpringApplication.java:866) [spring-boot-2.6.12.jar:2.6.12]
	at org.springframework.boot.SpringApplication.handleExitCode(SpringApplication.java:853) [spring-boot-2.6.12.jar:2.6.12]
	at org.springframework.boot.SpringApplication.handleRunFailure(SpringApplication.java:793) [spring-boot-2.6.12.jar:2.6.12]
	at org.springframework.boot.SpringApplication.run(SpringApplication.java:317) [spring-boot-2.6.12.jar:2.6.12]
	at org.springframework.boot.SpringApplication.run(SpringApplication.java:1317) [spring-boot-2.6.12.jar:2.6.12]
	at org.springframework.boot.SpringApplication.run(SpringApplication.java:1306) [spring-boot-2.6.12.jar:2.6.12]
	at com.employee.EmployeeProjcetApplication.main(EmployeeProjcetApplication.java:15) [classes/:na]
	at sun.reflect.NativeMethodAccessorImpl.invoke0(Native Method) ~[na:1.8.0_333]
	at sun.reflect.NativeMethodAccessorImpl.invoke(NativeMethodAccessorImpl.java:62) ~[na:1.8.0_333]
	at sun.reflect.DelegatingMethodAccessorImpl.invoke(DelegatingMethodAccessorImpl.java:43) ~[na:1.8.0_333]
	at java.lang.reflect.Method.invoke(Method.java:498) ~[na:1.8.0_333]
	at org.springframework.boot.devtools.restart.RestartLauncher.run(RestartLauncher.java:49) [spring-boot-devtools-2.6.12.jar:2.6.12]
Caused by: java.lang.NoClassDefFoundError: springfox/documentation/service/ApiInfo
	at java.lang.Class.getDeclaredMethods0(Native Method) ~[na:1.8.0_333]
	at java.lang.Class.privateGetDeclaredMethods(Class.java:2701) ~[na:1.8.0_333]
	at java.lang.Class.getDeclaredMethods(Class.java:1975) ~[na:1.8.0_333]
	at org.springframework.util.ReflectionUtils.getDeclaredMethods(ReflectionUtils.java:467) ~[spring-core-5.3.23.jar:5.3.23]
	... 26 common frames omitted
Caused by: java.lang.ClassNotFoundException: springfox.documentation.service.ApiInfo
	at java.net.URLClassLoader.findClass(URLClassLoader.java:387) ~[na:1.8.0_333]
	at java.lang.ClassLoader.loadClass(ClassLoader.java:418) ~[na:1.8.0_333]
	at sun.misc.Launcher$AppClassLoader.loadClass(Launcher.java:355) ~[na:1.8.0_333]
	at java.lang.ClassLoader.loadClass(ClassLoader.java:351) ~[na:1.8.0_333]
	at java.lang.Class.forName0(Native Method) ~[na:1.8.0_333]
	at java.lang.Class.forName(Class.java:348) ~[na:1.8.0_333]
	at org.springframework.boot.devtools.restart.classloader.RestartClassLoader.loadClass(RestartClassLoader.java:145) ~[spring-boot-devtools-2.6.12.jar:2.6.12]
	at java.lang.ClassLoader.loadClass(ClassLoader.java:351) ~[na:1.8.0_333]
	... 30 common frames omitted

